This file contains any messages produced by compilers while
running configure, to aid debugging if configure makes a mistake.

configure:661: checking for a BSD compatible install
configure:714: checking whether build environment is sane
configure:771: checking whether make sets ${MAKE}
configure:810: checking for working aclocal
configure:823: checking for working autoconf
configure:836: checking for working automake
configure:849: checking for working autoheader
configure:862: checking for working makeinfo
configure:957: checking host system type
configure:978: checking build system type
configure:998: checking for ranlib
configure:1028: checking for gcc
configure:1141: checking whether the C compiler (gcc  ) works
configure:1157: gcc -o conftest    conftest.c  1>&5
configure:1154:1: warning: return type defaults to 'int' [-Wimplicit-int]
 1154 | main(){return(0);}
      | ^~~~
configure:1183: checking whether the C compiler (gcc  ) is a cross-compiler
configure:1188: checking whether we are using GNU C
configure:1197: gcc -E conftest.c
configure:1216: checking whether gcc accepts -g
configure:1259: checking for ld used by GCC
configure:1321: checking if the linker (/usr/bin/ld) is GNU ld
GNU ld (GNU Binutils for Ubuntu) 2.34
configure:1337: checking for BSD-compatible nm
configure:1373: checking whether ln -s works
ltconfig:603: checking for object suffix
ltconfig:604: gcc -c -g -O2  conftest.c 1>&5
ltconfig:629: checking for executable suffix
ltconfig:630: gcc -o conftest -g -O2   conftest.c  1>&5
conftest.c:1:1: warning: return type defaults to 'int' [-Wimplicit-int]
    1 | main () { return 0; }
      | ^~~~
ltconfig:776: checking if gcc PIC flag -fPIC works
ltconfig:777: gcc -c -g -O2 -fPIC -DPIC  conftest.c 1>&5
ltconfig:829: checking if gcc supports -c -o file.o
ltconfig:830: gcc -c -g -O2 -o out/conftest2.o  conftest.c 1>&5
ltconfig:862: checking if gcc supports -c -o file.lo
ltconfig:863: gcc -c -g -O2 -c -o conftest.lo  conftest.c 1>&5
ltconfig:914: checking if gcc supports -fno-rtti -fno-exceptions
ltconfig:915: gcc -c -g -O2 -fno-rtti -fno-exceptions -c conftest.c  conftest.c 1>&5
ltconfig:958: checking if gcc static flag -static works
ltconfig:959: gcc -o conftest -g -O2   -static conftest.c  1>&5
conftest.c:1:1: warning: return type defaults to 'int' [-Wimplicit-int]
    1 | main(){return(0);}
      | ^~~~
GNU ld (GNU Binutils for Ubuntu) 2.34
ltconfig:1635: checking if global_symbol_pipe works
ltconfig:1636: gcc -c -g -O2  conftest.c 1>&5
conftest.c:9:1: warning: return type defaults to 'int' [-Wimplicit-int]
    9 | main(){nm_test_var='a';nm_test_func();return(0);}
      | ^~~~
ltconfig:1639: eval "/usr/bin/nm -B conftest.o | sed -n -e 's/^.*[ 	]\([ABCDGISTW]\)[ 	][ 	]*\(\)\([_A-Za-z][_A-Za-z0-9]*\)$/  /p' > conftest.nm"
ltconfig:1691: gcc -o conftest -g -O2 -fno-builtin   conftest.c conftstm.o 1>&5
configure:1559: checking whether to enable maintainer-specific portions of Makefiles
configure:1589: checking host system type
configure:1705: checking whether build environment is sane
configure:1747: checking for gcc
configure:1860: checking whether the C compiler (gcc -g -O2 ) works
configure:1876: gcc -o conftest -g -O2   conftest.c  1>&5
configure:1873:1: warning: return type defaults to 'int' [-Wimplicit-int]
 1873 | main(){return(0);}
      | ^~~~
configure:1902: checking whether the C compiler (gcc -g -O2 ) is a cross-compiler
configure:1907: checking whether we are using GNU C
configure:1935: checking whether gcc accepts -g
configure:1967: checking for POSIXized ISC
configure:1991: checking for gcc option to accept ANSI C
configure:2044: gcc  -c -g -O2  conftest.c 1>&5
configure:2079: checking for a BSD compatible install
configure:2132: checking whether make sets ${MAKE}
configure:2189: checking for gawk
configure:2189: checking for mawk
configure:2223: checking for perl5
configure:2223: checking for perl
configure:2257: checking for indent
configure:2294: checking whether make is GNU Make
configure:2312: checking how to run the C preprocessor
configure:2333: gcc -E  conftest.c >/dev/null 2>conftest.out
configure:2392: checking for ANSI C header files
configure:2405: gcc -E  conftest.c >/dev/null 2>conftest.out
configure:2472: gcc -o conftest -g -O2 -Wall   conftest.c  1>&5
configure: In function 'main':
configure:2467:67: warning: implicit declaration of function 'exit' [-Wimplicit-function-declaration]
 2467 | if (XOR (islower (i), ISLOWER (i)) || toupper (i) != TOUPPER (i)) exit(2);
      |                                                                   ^~~~
configure:2467:67: warning: incompatible implicit declaration of built-in function 'exit'
configure:2463:1: note: include '<stdlib.h>' or provide a declaration of 'exit'
 2462 | #include <ctype.h>
  +++ |+#include <stdlib.h>
 2463 | #define ISLOWER(c) ('a' <= (c) && (c) <= 'z')
configure:2468:1: warning: incompatible implicit declaration of built-in function 'exit'
 2468 | exit (0); }
      | ^~~~
configure:2468:1: note: include '<stdlib.h>' or provide a declaration of 'exit'
configure:2496: checking for working const
configure:2550: gcc -c -g -O2 -Wall  conftest.c 1>&5
configure: In function 'main':
configure:2524:15: warning: unused variable 's' [-Wunused-variable]
 2524 |   char const *s = 0 ? (char *) 0 : (char const *) 0;
      |               ^
configure:2544:13: warning: unused variable 'foo' [-Wunused-variable]
 2544 |   const int foo = 10;
      |             ^~~
configure:2512:27: warning: unused variable 'zero' [-Wunused-variable]
 2512 | static struct point const zero = {0,0};
      |                           ^~~~
configure:2506:39: warning: unused variable 'x' [-Wunused-variable]
 2506 | typedef int charset[2]; const charset x;
      |                                       ^
configure:2526:5: warning: 't' is used uninitialized in this function [-Wuninitialized]
 2526 |   *t++ = 0;
      |    ~^~
configure:2541:21: warning: 'b' is used uninitialized in this function [-Wuninitialized]
 2541 |   struct s *b; b->j = 5;
      |                ~~~~~^~~
configure:2571: checking for inline
configure:2585: gcc -c -g -O2 -Wall  conftest.c 1>&5
configure:2581:10: warning: return type defaults to 'int' [-Wimplicit-int]
 2581 | } $ac_kw foo() {
      |          ^~~
configure:2611: checking for off_t
configure:2644: checking for size_t
configure:2679: checking for working alloca.h
configure:2691: gcc -o conftest -g -O2 -Wall   conftest.c  1>&5
configure: In function 'main':
configure:2687:7: warning: unused variable 'p' [-Wunused-variable]
 2687 | char *p = alloca(2 * sizeof(int));
      |       ^
configure:2712: checking for alloca
configure:2745: gcc -o conftest -g -O2 -Wall   conftest.c  1>&5
configure: In function 'main':
configure:2741:7: warning: unused variable 'p' [-Wunused-variable]
 2741 | char *p = (char *) alloca(1);
      |       ^
configure:2914: checking for unistd.h
configure:2924: gcc -E  conftest.c >/dev/null 2>conftest.out
configure:2953: checking for getpagesize
configure:2981: gcc -o conftest -g -O2 -Wall   conftest.c  1>&5
configure:3006: checking for working mmap
configure:3154: gcc -o conftest -g -O2 -Wall   conftest.c  1>&5
configure:3085:7: warning: conflicting types for built-in function 'malloc'; expected 'void *(long unsigned int)' [-Wbuiltin-declaration-mismatch]
 3085 | char *malloc();
      |       ^~~~~~
configure:3040:1: note: 'malloc' is declared in header '<stdlib.h>'
 3039 | #include <sys/mman.h>
  +++ |+#include <stdlib.h>
 3040 | 
configure: In function 'main':
configure:3095:13: warning: implicit declaration of function 'getpagesize' [-Wimplicit-function-declaration]
 3095 |  pagesize = getpagesize();
      |             ^~~~~~~~~~~
configure:3102:3: warning: implicit declaration of function 'exit' [-Wimplicit-function-declaration]
 3102 |   exit(1);
      |   ^~~~
configure:3102:3: warning: incompatible implicit declaration of built-in function 'exit'
configure:3102:3: note: include '<stdlib.h>' or provide a declaration of 'exit'
configure:3104:17: warning: implicit declaration of function 'rand' [-Wimplicit-function-declaration]
 3104 |   *(data + i) = rand();
      |                 ^~~~
configure:3105:2: warning: implicit declaration of function 'umask' [-Wimplicit-function-declaration]
 3105 |  umask(0);
      |  ^~~~~
configure:3108:3: warning: incompatible implicit declaration of built-in function 'exit'
 3108 |   exit(1);
      |   ^~~~
configure:3108:3: note: include '<stdlib.h>' or provide a declaration of 'exit'
configure:3109:6: warning: implicit declaration of function 'write' [-Wimplicit-function-declaration]
 3109 |  if (write(fd, data, pagesize) != pagesize)
      |      ^~~~~
configure:3110:3: warning: incompatible implicit declaration of built-in function 'exit'
 3110 |   exit(1);
      |   ^~~~
configure:3110:3: note: include '<stdlib.h>' or provide a declaration of 'exit'
configure:3111:2: warning: implicit declaration of function 'close' [-Wimplicit-function-declaration]
 3111 |  close(fd);
      |  ^~~~~
configure:3120:3: warning: incompatible implicit declaration of built-in function 'exit'
 3120 |   exit(1);
      |   ^~~~
configure:3120:3: note: include '<stdlib.h>' or provide a declaration of 'exit'
configure:3123:3: warning: incompatible implicit declaration of built-in function 'exit'
 3123 |   exit(1);
      |   ^~~~
configure:3123:3: note: include '<stdlib.h>' or provide a declaration of 'exit'
configure:3124:24: warning: cast from pointer to integer of different size [-Wpointer-to-int-cast]
 3124 |  data2 += (pagesize - ((int) data2 & (pagesize - 1))) & (pagesize - 1);
      |                        ^
configure:3127:3: warning: incompatible implicit declaration of built-in function 'exit'
 3127 |   exit(1);
      |   ^~~~
configure:3127:3: note: include '<stdlib.h>' or provide a declaration of 'exit'
configure:3130:4: warning: incompatible implicit declaration of built-in function 'exit'
 3130 |    exit(1);
      |    ^~~~
configure:3130:4: note: include '<stdlib.h>' or provide a declaration of 'exit'
configure:3141:3: warning: incompatible implicit declaration of built-in function 'exit'
 3141 |   exit(1);
      |   ^~~~
configure:3141:3: note: include '<stdlib.h>' or provide a declaration of 'exit'
configure:3142:6: warning: implicit declaration of function 'read' [-Wimplicit-function-declaration]
 3142 |  if (read(fd, data3, pagesize) != pagesize)
      |      ^~~~
configure:3143:3: warning: incompatible implicit declaration of built-in function 'exit'
 3143 |   exit(1);
      |   ^~~~
configure:3143:3: note: include '<stdlib.h>' or provide a declaration of 'exit'
configure:3146:4: warning: incompatible implicit declaration of built-in function 'exit'
 3146 |    exit(1);
      |    ^~~~
configure:3146:4: note: include '<stdlib.h>' or provide a declaration of 'exit'
configure:3148:2: warning: implicit declaration of function 'unlink' [-Wimplicit-function-declaration]
 3148 |  unlink("conftestmmap");
      |  ^~~~~~
configure:3149:2: warning: incompatible implicit declaration of built-in function 'exit'
 3149 |  exit(0);
      |  ^~~~
configure:3149:2: note: include '<stdlib.h>' or provide a declaration of 'exit'
configure:3182: checking for argz.h
configure:3192: gcc -E  conftest.c >/dev/null 2>conftest.out
configure:3182: checking for limits.h
configure:3192: gcc -E  conftest.c >/dev/null 2>conftest.out
configure:3182: checking for locale.h
configure:3192: gcc -E  conftest.c >/dev/null 2>conftest.out
configure:3182: checking for nl_types.h
configure:3192: gcc -E  conftest.c >/dev/null 2>conftest.out
configure:3182: checking for malloc.h
configure:3192: gcc -E  conftest.c >/dev/null 2>conftest.out
configure:3182: checking for string.h
configure:3192: gcc -E  conftest.c >/dev/null 2>conftest.out
configure:3182: checking for unistd.h
configure:3182: checking for sys/param.h
configure:3192: gcc -E  conftest.c >/dev/null 2>conftest.out
configure:3222: checking for getcwd
configure:3250: gcc -o conftest -g -O2 -Wall   conftest.c  1>&5
configure:3222: checking for munmap
configure:3250: gcc -o conftest -g -O2 -Wall   conftest.c  1>&5
configure:3222: checking for putenv
configure:3250: gcc -o conftest -g -O2 -Wall   conftest.c  1>&5
configure:3222: checking for setenv
configure:3250: gcc -o conftest -g -O2 -Wall   conftest.c  1>&5
configure:3222: checking for setlocale
configure:3250: gcc -o conftest -g -O2 -Wall   conftest.c  1>&5
configure:3222: checking for strchr
configure:3250: gcc -o conftest -g -O2 -Wall   conftest.c  1>&5
configure:3234:6: warning: conflicting types for built-in function 'strchr'; expected 'char *(const char *, int)' [-Wbuiltin-declaration-mismatch]
 3234 | char $ac_func();
      |      ^~~~~~
configure:3231:1: note: 'strchr' is declared in header '<string.h>'
 3230 | #include <assert.h>
  +++ |+#include <string.h>
 3231 | /* Override any gcc2 internal prototype to avoid an error.  */
configure:3222: checking for strcasecmp
configure:3250: gcc -o conftest -g -O2 -Wall   conftest.c  1>&5
configure:3234:6: warning: conflicting types for built-in function 'strcasecmp'; expected 'int(const char *, const char *)' [-Wbuiltin-declaration-mismatch]
 3234 | char $ac_func();
      |      ^~~~~~~~~~
configure:3222: checking for strdup
configure:3250: gcc -o conftest -g -O2 -Wall   conftest.c  1>&5
configure:3234:6: warning: conflicting types for built-in function 'strdup'; expected 'char *(const char *)' [-Wbuiltin-declaration-mismatch]
 3234 | char $ac_func();
      |      ^~~~~~
configure:3222: checking for __argz_count
configure:3250: gcc -o conftest -g -O2 -Wall   conftest.c  1>&5
configure:3222: checking for __argz_stringify
configure:3250: gcc -o conftest -g -O2 -Wall   conftest.c  1>&5
configure:3222: checking for __argz_next
configure:3250: gcc -o conftest -g -O2 -Wall   conftest.c  1>&5
configure:3279: checking for stpcpy
configure:3307: gcc -o conftest -g -O2 -Wall   conftest.c  1>&5
configure:3291:6: warning: conflicting types for built-in function 'stpcpy'; expected 'char *(char *, const char *)' [-Wbuiltin-declaration-mismatch]
 3291 | char $ac_func();
      |      ^~~~~~
configure:3341: checking for LC_MESSAGES
configure:3353: gcc -o conftest -g -O2 -Wall   conftest.c  1>&5
configure:3374: checking whether NLS is requested
configure:3406: checking for libintl.h
configure:3416: gcc -E  conftest.c >/dev/null 2>conftest.out
configure:3433: checking for dgettext in libc
configure:3445: gcc -o conftest -g -O2 -Wall   conftest.c  1>&5
configure: In function 'main':
configure:3441:8: warning: cast from pointer to integer of different size [-Wpointer-to-int-cast]
 3441 | return (int) dgettext ("","")
      |        ^
configure:3563: checking for msgfmt
configure:3758: checking whether catgets can be used
configure:4114: checking for extra flags to get ANSI library prototypes
configure:4128: gcc -o conftest -g -O2 -Wall   conftest.c   -lm 1>&5
configure:4168: checking for extra flags for POSIX compliance
configure:4177: gcc -c -g -O2 -Wall  conftest.c 1>&5
configure: In function 'main':
configure:4173:6: warning: unused variable 'dir' [-Wunused-variable]
 4173 | DIR *dir;
      |      ^~~
configure:4270: checking for glib-config
configure:4305: checking for GLIB - version >= 1.2.8
configure:4404: gcc -o conftest -g -O2 -Wall -I/usr/local/include/glib-1.2 -I/usr/local/lib/glib/include -D_REENTRANT   conftest.c -L/usr/local/lib -rdynamic -lgmodule -lgthread -lglib -lpthread -ldl   1>&5
configure: In function 'main':
configure:4340:3: warning: ignoring return value of 'system', declared with attribute warn_unused_result [-Wunused-result]
 4340 |   system ("touch conf.glibtest");
      |   ^~~~~~~~~~~~~~~~~~~~~~~~~~~~~~
configure:4544: checking for X
configure:4611: gcc -E  conftest.c >/dev/null 2>conftest.out
configure:4687: gcc -o conftest -g -O2 -Wall   conftest.c -lXt   1>&5
configure: In function 'main':
configure:4683:1: warning: implicit declaration of function 'XtMalloc' [-Wimplicit-function-declaration]
 4683 | ${x_direct_test_function}()
      | ^~~~~~~~
configure:4858: checking for dnet_ntoa in -ldnet
configure:4877: gcc -o conftest -g -O2 -Wall   conftest.c -ldnet    1>&5
/usr/bin/ld: cannot find -ldnet
collect2: error: ld returned 1 exit status
configure: failed program was:
#line 4866 "configure"
#include "confdefs.h"
/* Override any gcc2 internal prototype to avoid an error.  */
/* We use char because int might match the return type of a gcc2
    builtin and then its argument prototype would still apply.  */
char dnet_ntoa();

int main() {
dnet_ntoa()
; return 0; }
configure:4899: checking for dnet_ntoa in -ldnet_stub
configure:4918: gcc -o conftest -g -O2 -Wall   conftest.c -ldnet_stub    1>&5
/usr/bin/ld: cannot find -ldnet_stub
collect2: error: ld returned 1 exit status
configure: failed program was:
#line 4907 "configure"
#include "confdefs.h"
/* Override any gcc2 internal prototype to avoid an error.  */
/* We use char because int might match the return type of a gcc2
    builtin and then its argument prototype would still apply.  */
char dnet_ntoa();

int main() {
dnet_ntoa()
; return 0; }
configure:4947: checking for gethostbyname
configure:4975: gcc -o conftest -g -O2 -Wall   conftest.c   1>&5
configure:5045: checking for connect
configure:5073: gcc -o conftest -g -O2 -Wall   conftest.c   1>&5
configure:5137: checking for remove
configure:5165: gcc -o conftest -g -O2 -Wall   conftest.c   1>&5
configure:5229: checking for shmat
configure:5257: gcc -o conftest -g -O2 -Wall   conftest.c   1>&5
configure:5330: checking for IceConnectionNumber in -lICE
configure:5349: gcc -o conftest -g -O2 -Wall   conftest.c -lICE    1>&5
configure:5393: checking for XOpenDisplay in -lX11
configure:5412: gcc -o conftest -g -O2 -Wall      conftest.c -lX11    1>&5
configure:5437: checking for XShmAttach in -lXext
configure:5456: gcc -o conftest -g -O2 -Wall      conftest.c -lXext -lX11    1>&5
configure:5523: checking for XShapeCombineMask in -lXext
configure:5542: gcc -o conftest -g -O2 -Wall      conftest.c -lXext -lXext -lX11    1>&5
configure:5572: checking for XConvertCase in -lX11
configure:5591: gcc -o conftest -g -O2 -Wall      conftest.c -lX11 -lXext -lX11    1>&5
configure:5618: checking for XUnregisterIMInstantiateCallback in -lX11
configure:5637: gcc -o conftest -g -O2 -Wall      conftest.c -lX11 -lXext -lX11    1>&5
configure:5725: checking for sys/ipc.h
configure:5735: gcc -E  conftest.c >/dev/null 2>conftest.out
configure:5762: checking for sys/shm.h
configure:5772: gcc -E  conftest.c >/dev/null 2>conftest.out
configure:5800: checking X11/extensions/XShm.h
configure:5821: checking need -DX_LOCALE
configure:5839: gcc -o conftest -g -O2 -Wall   conftest.c   1>&5
configure:5930: checking for ANSI C header files
configure:6036: checking for working const
configure:6113: checking return type of signal handlers
configure:6135: gcc -c -g -O2 -Wall  conftest.c 1>&5
configure: In function 'main':
configure:6131:5: warning: unused variable 'i' [-Wunused-variable]
 6131 | int i;
      |     ^
configure:6157: checking for unistd.h
configure:6196: checking for getpagesize
configure:6249: checking for working mmap
configure:6423: checking for getresuid
configure:6451: gcc -o conftest -g -O2 -Wall   conftest.c   1>&5
configure:6476: checking for uid_t in sys/types.h
configure:6512: checking for fd_set
configure:6521: gcc -c -g -O2 -Wall  conftest.c 1>&5
configure: In function 'main':
configure:6517:18: warning: unused variable 'writeMask' [-Wunused-variable]
 6517 | fd_set readMask, writeMask;
      |                  ^~~~~~~~~
configure:6517:8: warning: unused variable 'readMask' [-Wunused-variable]
 6517 | fd_set readMask, writeMask;
      |        ^~~~~~~~
configure:6564: checking for wchar.h
configure:6571: gcc -E  conftest.c >/dev/null 2>conftest.out
configure:6594: checking for wctype.h
configure:6601: gcc -E  conftest.c >/dev/null 2>conftest.out
configure:6625: checking for iswalnum
configure:6653: gcc -o conftest -g -O2 -Wall   conftest.c   1>&5
configure:6637:6: warning: conflicting types for built-in function 'iswalnum'; expected 'int(unsigned int)' [-Wbuiltin-declaration-mismatch]
 6637 | char iswalnum();
      |      ^~~~~~~~
configure:6634:1: note: 'iswalnum' is declared in header '<wctype.h>'
 6633 | #include <assert.h>
  +++ |+#include <wctype.h>
 6634 | /* Override any gcc2 internal prototype to avoid an error.  */
configure:6717: checking if iswalnum() and friends are properly defined
configure:6739: gcc -o conftest -g -O2 -Wall   conftest.c    1>&5
configure: In function 'main':
configure:6734:1: warning: statement with no effect [-Wunused-value]
 6734 | iswalnum((wchar_t) 0);
      | ^~~~~~~~~~~~~~~~~~~~~
