This file contains any messages produced by compilers while
running configure, to aid debugging if configure makes a mistake.

It was created by configure, which was
generated by GNU Autoconf 2.61.  Invocation command line was

  $ ./configure 

## --------- ##
## Platform. ##
## --------- ##

hostname = devStation
uname -m = i686
uname -r = 5.11.0-37-generic
uname -s = Linux
uname -v = #41~20.04.2-Ubuntu SMP Fri Sep 24 09:06:38 UTC 2021

/usr/bin/uname -p = i686
/bin/uname -X     = unknown

/bin/arch              = i686
/usr/bin/arch -k       = unknown
/usr/convex/getsysinfo = unknown
/usr/bin/hostinfo      = unknown
/bin/machine           = unknown
/usr/bin/oslevel       = unknown
/bin/universe          = unknown

PATH: /usr/local/sbin
PATH: /usr/local/bin
PATH: /usr/sbin
PATH: /usr/bin
PATH: /sbin
PATH: /bin
PATH: /usr/games
PATH: /usr/local/games
PATH: /snap/bin


## ----------- ##
## Core tests. ##
## ----------- ##

configure:1754: checking build system type
configure:1772: result: i686-pc-linux-gnu
configure:1794: checking host system type
configure:1809: result: i686-pc-linux-gnu
configure:1831: checking target system type
configure:1846: result: i686-pc-linux-gnu
configure:1889: checking for a BSD-compatible install
configure:1945: result: /usr/bin/install -c
configure:1956: checking whether build environment is sane
configure:1999: result: yes
configure:2023: WARNING: `missing' script is too old or missing
configure:2027: checking for a thread-safe mkdir -p
configure:2066: result: /usr/bin/mkdir -p
configure:2079: checking for gawk
configure:2109: result: no
configure:2079: checking for mawk
configure:2095: found /usr/bin/mawk
configure:2106: result: mawk
configure:2117: checking whether make sets $(MAKE)
configure:2138: result: yes
configure:2377: checking for gcc
configure:2393: found /usr/bin/gcc
configure:2404: result: gcc
configure:2642: checking for C compiler version
configure:2649: gcc --version >&5
gcc (Ubuntu 9.3.0-17ubuntu1~20.04) 9.3.0
Copyright (C) 2019 Free Software Foundation, Inc.
This is free software; see the source for copying conditions.  There is NO
warranty; not even for MERCHANTABILITY or FITNESS FOR A PARTICULAR PURPOSE.

configure:2652: $? = 0
configure:2659: gcc -v >&5
Using built-in specs.
COLLECT_GCC=gcc
COLLECT_LTO_WRAPPER=/usr/lib/gcc/x86_64-linux-gnu/9/lto-wrapper
OFFLOAD_TARGET_NAMES=nvptx-none:hsa
OFFLOAD_TARGET_DEFAULT=1
Target: x86_64-linux-gnu
Configured with: ../src/configure -v --with-pkgversion='Ubuntu 9.3.0-17ubuntu1~20.04' --with-bugurl=file:///usr/share/doc/gcc-9/README.Bugs --enable-languages=c,ada,c++,go,brig,d,fortran,objc,obj-c++,gm2 --prefix=/usr --with-gcc-major-version-only --program-suffix=-9 --program-prefix=x86_64-linux-gnu- --enable-shared --enable-linker-build-id --libexecdir=/usr/lib --without-included-gettext --enable-threads=posix --libdir=/usr/lib --enable-nls --enable-clocale=gnu --enable-libstdcxx-debug --enable-libstdcxx-time=yes --with-default-libstdcxx-abi=new --enable-gnu-unique-object --disable-vtable-verify --enable-plugin --enable-default-pie --with-system-zlib --with-target-system-zlib=auto --enable-objc-gc=auto --enable-multiarch --disable-werror --with-arch-32=i686 --with-abi=m64 --with-multilib-list=m32,m64,mx32 --enable-multilib --with-tune=generic --enable-offload-targets=nvptx-none=/build/gcc-9-HskZEa/gcc-9-9.3.0/debian/tmp-nvptx/usr,hsa --without-cuda-driver --enable-checking=release --build=x86_64-linux-gnu --host=x86_64-linux-gnu --target=x86_64-linux-gnu
Thread model: posix
gcc version 9.3.0 (Ubuntu 9.3.0-17ubuntu1~20.04) 
configure:2662: $? = 0
configure:2669: gcc -V >&5
gcc: error: unrecognized command line option '-V'
gcc: fatal error: no input files
compilation terminated.
configure:2672: $? = 1
configure:2695: checking for C compiler default output file name
configure:2722: gcc    conftest.c  >&5
configure:2725: $? = 0
configure:2763: result: a.out
configure:2780: checking whether the C compiler works
configure:2790: ./a.out
configure:2793: $? = 0
configure:2810: result: yes
configure:2817: checking whether we are cross compiling
configure:2819: result: no
configure:2822: checking for suffix of executables
configure:2829: gcc -o conftest    conftest.c  >&5
configure:2832: $? = 0
configure:2856: result: 
configure:2862: checking for suffix of object files
configure:2888: gcc -c   conftest.c >&5
configure:2891: $? = 0
configure:2914: result: o
configure:2918: checking whether we are using the GNU C compiler
configure:2947: gcc -c   conftest.c >&5
configure:2953: $? = 0
configure:2970: result: yes
configure:2975: checking whether gcc accepts -g
configure:3005: gcc -c -g  conftest.c >&5
configure:3011: $? = 0
configure:3110: result: yes
configure:3127: checking for gcc option to accept ISO C89
configure:3201: gcc  -c -g -O2  conftest.c >&5
configure:3207: $? = 0
configure:3230: result: none needed
configure:3259: checking for style of include used by make
configure:3287: result: GNU
configure:3312: checking dependency style of gcc
configure:3403: result: gcc3
configure:3466: checking for gcc
configure:3493: result: gcc
configure:3731: checking for C compiler version
configure:3738: gcc --version >&5
gcc (Ubuntu 9.3.0-17ubuntu1~20.04) 9.3.0
Copyright (C) 2019 Free Software Foundation, Inc.
This is free software; see the source for copying conditions.  There is NO
warranty; not even for MERCHANTABILITY or FITNESS FOR A PARTICULAR PURPOSE.

configure:3741: $? = 0
configure:3748: gcc -v >&5
Using built-in specs.
COLLECT_GCC=gcc
COLLECT_LTO_WRAPPER=/usr/lib/gcc/x86_64-linux-gnu/9/lto-wrapper
OFFLOAD_TARGET_NAMES=nvptx-none:hsa
OFFLOAD_TARGET_DEFAULT=1
Target: x86_64-linux-gnu
Configured with: ../src/configure -v --with-pkgversion='Ubuntu 9.3.0-17ubuntu1~20.04' --with-bugurl=file:///usr/share/doc/gcc-9/README.Bugs --enable-languages=c,ada,c++,go,brig,d,fortran,objc,obj-c++,gm2 --prefix=/usr --with-gcc-major-version-only --program-suffix=-9 --program-prefix=x86_64-linux-gnu- --enable-shared --enable-linker-build-id --libexecdir=/usr/lib --without-included-gettext --enable-threads=posix --libdir=/usr/lib --enable-nls --enable-clocale=gnu --enable-libstdcxx-debug --enable-libstdcxx-time=yes --with-default-libstdcxx-abi=new --enable-gnu-unique-object --disable-vtable-verify --enable-plugin --enable-default-pie --with-system-zlib --with-target-system-zlib=auto --enable-objc-gc=auto --enable-multiarch --disable-werror --with-arch-32=i686 --with-abi=m64 --with-multilib-list=m32,m64,mx32 --enable-multilib --with-tune=generic --enable-offload-targets=nvptx-none=/build/gcc-9-HskZEa/gcc-9-9.3.0/debian/tmp-nvptx/usr,hsa --without-cuda-driver --enable-checking=release --build=x86_64-linux-gnu --host=x86_64-linux-gnu --target=x86_64-linux-gnu
Thread model: posix
gcc version 9.3.0 (Ubuntu 9.3.0-17ubuntu1~20.04) 
configure:3751: $? = 0
configure:3758: gcc -V >&5
gcc: error: unrecognized command line option '-V'
gcc: fatal error: no input files
compilation terminated.
configure:3761: $? = 1
configure:3764: checking whether we are using the GNU C compiler
configure:3816: result: yes
configure:3821: checking whether gcc accepts -g
configure:3956: result: yes
configure:3973: checking for gcc option to accept ISO C89
configure:4076: result: none needed
configure:4096: checking dependency style of gcc
configure:4187: result: gcc3
configure:4211: checking how to run the C preprocessor
configure:4251: gcc -E  conftest.c
configure:4257: $? = 0
configure:4288: gcc -E  conftest.c
conftest.c:10:10: fatal error: ac_nonexistent.h: No such file or directory
   10 | #include <ac_nonexistent.h>
      |          ^~~~~~~~~~~~~~~~~~
compilation terminated.
configure:4294: $? = 1
configure: failed program was:
| /* confdefs.h.  */
| #define PACKAGE_NAME ""
| #define PACKAGE_TARNAME ""
| #define PACKAGE_VERSION ""
| #define PACKAGE_STRING ""
| #define PACKAGE_BUGREPORT ""
| #define PACKAGE "KMD"
| #define VERSION "1.5.0"
| /* end confdefs.h.  */
| #include <ac_nonexistent.h>
configure:4327: result: gcc -E
configure:4356: gcc -E  conftest.c
configure:4362: $? = 0
configure:4393: gcc -E  conftest.c
conftest.c:10:10: fatal error: ac_nonexistent.h: No such file or directory
   10 | #include <ac_nonexistent.h>
      |          ^~~~~~~~~~~~~~~~~~
compilation terminated.
configure:4399: $? = 1
configure: failed program was:
| /* confdefs.h.  */
| #define PACKAGE_NAME ""
| #define PACKAGE_TARNAME ""
| #define PACKAGE_VERSION ""
| #define PACKAGE_STRING ""
| #define PACKAGE_BUGREPORT ""
| #define PACKAGE "KMD"
| #define VERSION "1.5.0"
| /* end confdefs.h.  */
| #include <ac_nonexistent.h>
configure:4437: checking for grep that handles long lines and -e
configure:4511: result: /usr/bin/grep
configure:4516: checking for egrep
configure:4594: result: /usr/bin/grep -E
configure:4599: checking for ANSI C header files
configure:4629: gcc -c -g -O2  conftest.c >&5
configure:4635: $? = 0
configure:4734: gcc -o conftest -g -O2   conftest.c  >&5
configure:4737: $? = 0
configure:4743: ./conftest
configure:4746: $? = 0
configure:4763: result: yes
configure:4926: checking for glib-config
configure:4944: found /usr/local/bin/glib-config
configure:4957: result: /usr/local/bin/glib-config
configure:4966: checking for GLIB - version >= 1.2.0
configure:5075: gcc -o conftest -g -O2 -I/usr/local/include/glib-1.2 -I/usr/local/lib/glib/include   conftest.c -L/usr/local/lib -lglib  >&5
conftest.c: In function 'main':
conftest.c:26:3: warning: ignoring return value of 'system', declared with attribute warn_unused_result [-Wunused-result]
   26 |   system ("touch conf.glibtest");
      |   ^~~~~~~~~~~~~~~~~~~~~~~~~~~~~~
configure:5078: $? = 0
configure:5084: ./conftest
configure:5087: $? = 0
configure:5107: result: yes
configure:5250: checking for gtk-config
configure:5268: found /usr/local/bin/gtk-config
configure:5281: result: /usr/local/bin/gtk-config
configure:5290: checking for GTK - version >= 1.2.0
configure:5401: gcc -o conftest -g -O2 -I/usr/local/include/gtk-1.2 -I/usr/local/include/glib-1.2 -I/usr/local/lib/glib/include   conftest.c -L/usr/local/lib -lgtk -lgdk -rdynamic -lgmodule -lglib -ldl -lXext -lX11 -lm  >&5
conftest.c: In function 'main':
conftest.c:26:3: warning: ignoring return value of 'system', declared with attribute warn_unused_result [-Wunused-result]
   26 |   system ("touch conf.gtktest");
      |   ^~~~~~~~~~~~~~~~~~~~~~~~~~~~~
configure:5404: $? = 0
configure:5410: ./conftest
configure:5413: $? = 0
configure:5433: result: yes
configure:5660: creating ./config.status

## ---------------------- ##
## Running config.status. ##
## ---------------------- ##

This file was extended by config.status, which was
generated by GNU Autoconf 2.61.  Invocation command line was

  CONFIG_FILES    = 
  CONFIG_HEADERS  = 
  CONFIG_LINKS    = 
  CONFIG_COMMANDS = 
  $ ./config.status 

on devStation

config.status:658: creating Makefile
config.status:658: creating src/Makefile
config.status:658: creating src/Pixmaps/Makefile
config.status:658: creating config.h
config.status:926: executing depfiles commands

## ---------------- ##
## Cache variables. ##
## ---------------- ##

ac_cv_build=i686-pc-linux-gnu
ac_cv_c_compiler_gnu=yes
ac_cv_env_CC_set=
ac_cv_env_CC_value=
ac_cv_env_CFLAGS_set=
ac_cv_env_CFLAGS_value=
ac_cv_env_CPPFLAGS_set=
ac_cv_env_CPPFLAGS_value=
ac_cv_env_CPP_set=
ac_cv_env_CPP_value=
ac_cv_env_LDFLAGS_set=
ac_cv_env_LDFLAGS_value=
ac_cv_env_LIBS_set=
ac_cv_env_LIBS_value=
ac_cv_env_build_alias_set=
ac_cv_env_build_alias_value=
ac_cv_env_host_alias_set=
ac_cv_env_host_alias_value=
ac_cv_env_target_alias_set=
ac_cv_env_target_alias_value=
ac_cv_header_stdc=yes
ac_cv_host=i686-pc-linux-gnu
ac_cv_objext=o
ac_cv_path_EGREP='/usr/bin/grep -E'
ac_cv_path_GLIB_CONFIG=/usr/local/bin/glib-config
ac_cv_path_GREP=/usr/bin/grep
ac_cv_path_GTK_CONFIG=/usr/local/bin/gtk-config
ac_cv_path_install='/usr/bin/install -c'
ac_cv_path_mkdir=/usr/bin/mkdir
ac_cv_prog_AWK=mawk
ac_cv_prog_CPP='gcc -E'
ac_cv_prog_ac_ct_CC=gcc
ac_cv_prog_cc_c89=
ac_cv_prog_cc_g=yes
ac_cv_prog_make_make_set=yes
ac_cv_target=i686-pc-linux-gnu
am_cv_CC_dependencies_compiler_type=gcc3
am_cv_prog_cc_stdc=

## ----------------- ##
## Output variables. ##
## ----------------- ##

ACLOCAL='aclocal-1.10'
AMDEPBACKSLASH='\'
AMDEP_FALSE='#'
AMDEP_TRUE=''
AMTAR='tar'
AUTOCONF='autoconf'
AUTOHEADER='autoheader'
AUTOMAKE='automake-1.10'
AWK='mawk'
CC='gcc'
CCDEPMODE='depmode=gcc3'
CFLAGS='-g -O2'
CPP='gcc -E'
CPPFLAGS=''
CYGPATH_W='echo'
DEFS='-DHAVE_CONFIG_H'
DEPDIR='.deps'
ECHO_C=''
ECHO_N='-n'
ECHO_T=''
EGREP='/usr/bin/grep -E'
EXEEXT=''
GLIB_CFLAGS='-I/usr/local/include/glib-1.2 -I/usr/local/lib/glib/include'
GLIB_CONFIG='/usr/local/bin/glib-config'
GLIB_LIBS='-L/usr/local/lib -lglib'
GREP='/usr/bin/grep'
GTK_CFLAGS='-I/usr/local/include/gtk-1.2 -I/usr/local/include/glib-1.2 -I/usr/local/lib/glib/include'
GTK_CONFIG='/usr/local/bin/gtk-config'
GTK_LIBS='-L/usr/local/lib -lgtk -lgdk -rdynamic -lgmodule -lglib -ldl -lXext -lX11 -lm'
INSTALL_DATA='${INSTALL} -m 644'
INSTALL_PROGRAM='${INSTALL}'
INSTALL_SCRIPT='${INSTALL}'
INSTALL_STRIP_PROGRAM='$(install_sh) -c -s'
LDFLAGS=''
LIBOBJS=''
LIBS=''
LTLIBOBJS=''
MAKEINFO='makeinfo'
OBJEXT='o'
PACKAGE='KMD'
PACKAGE_BUGREPORT=''
PACKAGE_NAME=''
PACKAGE_STRING=''
PACKAGE_TARNAME=''
PACKAGE_VERSION=''
PATH_SEPARATOR=':'
SET_MAKE=''
SHELL='/bin/bash'
STRIP=''
VERSION='1.5.0'
ac_ct_CC='gcc'
am__fastdepCC_FALSE='#'
am__fastdepCC_TRUE=''
am__include='include'
am__isrc=''
am__leading_dot='.'
am__quote=''
am__tar='${AMTAR} chof - "$$tardir"'
am__untar='${AMTAR} xf -'
bindir='${exec_prefix}/bin'
build='i686-pc-linux-gnu'
build_alias=''
build_cpu='i686'
build_os='linux-gnu'
build_vendor='pc'
datadir='${datarootdir}'
datarootdir='${prefix}/share'
docdir='${datarootdir}/doc/${PACKAGE}'
dvidir='${docdir}'
exec_prefix='${prefix}'
host='i686-pc-linux-gnu'
host_alias=''
host_cpu='i686'
host_os='linux-gnu'
host_vendor='pc'
htmldir='${docdir}'
includedir='${prefix}/include'
infodir='${datarootdir}/info'
install_sh='$(SHELL) /home/barnold__/Desktop/Projects/Bash/KomodoInstall/downloads/extract_here/KMD-1.5.0/install-sh'
libdir='${exec_prefix}/lib'
libexecdir='${exec_prefix}/libexec'
localedir='${datarootdir}/locale'
localstatedir='${prefix}/var'
mandir='${datarootdir}/man'
mkdir_p='/usr/bin/mkdir -p'
oldincludedir='/usr/include'
pdfdir='${docdir}'
prefix='/usr/local'
program_transform_name='s,x,x,'
psdir='${docdir}'
sbindir='${exec_prefix}/sbin'
sharedstatedir='${prefix}/com'
sysconfdir='${prefix}/etc'
target='i686-pc-linux-gnu'
target_alias=''
target_cpu='i686'
target_os='linux-gnu'
target_vendor='pc'

## ----------- ##
## confdefs.h. ##
## ----------- ##

#define PACKAGE_NAME ""
#define PACKAGE_TARNAME ""
#define PACKAGE_VERSION ""
#define PACKAGE_STRING ""
#define PACKAGE_BUGREPORT ""
#define PACKAGE "KMD"
#define VERSION "1.5.0"
#define STDC_HEADERS 1
#define VERBOSE_D 0
#define SERIAL_DEBUG 0
#define DATE "05/10/2021"
#define YEAR "2021"
#define LINUX 1

configure: exit 0
